Program processing MST1.dat...

Full graph 1 adjacency list:
Vertex [0]: (3, 3) (1, 1)  
Vertex [1]: (2, 6) (4, 1) (3, 5) (0, 1)  
Vertex [2]: (4, 4) (5, 2) (1, 6)  
Vertex [3]: (4, 1) (0, 3) (1, 5)  
Vertex [4]: (5, 4) (2, 4) (1, 1) (3, 1)  
Vertex [5]: (4, 4) (2, 2)  

MST graph 1
Edge: 1-0 weight: 1
Edge: 2-4 weight: 4
Edge: 3-4 weight: 1
Edge: 4-1 weight: 1
Edge: 5-2 weight: 2
Total cost of MST: 9

MST graph 1 adjacency list:
Vertex [0]: (1, 1)  
Vertex [1]: (4, 1) (0, 1)  
Vertex [2]: (5, 2) (4, 4)  
Vertex [3]: (4, 1)  
Vertex [4]: (1, 1) (3, 1) (2, 4)  
Vertex [5]: (2, 2)  


Program complete!