Program processing MST2.dat...

Full graph 1 adjacency list:
Vertex [0]: (2, 3) (1, 4)  
Vertex [1]: (2, 1) (3, 2) (0, 4)  
Vertex [2]: (1, 1) (0, 3) (3, 4)  
Vertex [3]: (4, 2) (1, 2) (2, 4)  
Vertex [4]: (3, 2) (5, 6)  
Vertex [5]: (4, 6)  

MST graph 1
Edge: 1-2 weight: 1
Edge: 2-0 weight: 3
Edge: 3-1 weight: 2
Edge: 4-3 weight: 2
Edge: 5-4 weight: 6
Total cost of MST: 14

MST graph 1 adjacency list:
Vertex [0]: (2, 3)  
Vertex [1]: (3, 2) (2, 1)  
Vertex [2]: (0, 3) (1, 1)  
Vertex [3]: (4, 2) (1, 2)  
Vertex [4]: (5, 6) (3, 2)  
Vertex [5]: (4, 6)  


Full graph 2 adjacency list:
Vertex [0]: (3, 3) (1, 1)  
Vertex [1]: (3, 5) (0, 1)  
Vertex [2]: (4, 1)  
Vertex [3]: (4, 6) (0, 3) (1, 5)  
Vertex [4]: (3, 6) (2, 1)  

MST graph 2
Edge: 1-0 weight: 1
Edge: 2-4 weight: 1
Edge: 3-0 weight: 3
Edge: 4-3 weight: 6
Total cost of MST: 11

MST graph 2 adjacency list:
Vertex [0]: (3, 3) (1, 1)  
Vertex [1]: (0, 1)  
Vertex [2]: (4, 1)  
Vertex [3]: (4, 6) (0, 3)  
Vertex [4]: (3, 6) (2, 1)  


Program complete!