Program processing MST4.dat...

Full graph 1 adjacency list:
Vertex [0]: (7, 8) (1, 4)  
Vertex [1]: (7, 11) (2, 8) (0, 4)  
Vertex [2]: (5, 4) (8, 2) (3, 7) (1, 8)  
Vertex [3]: (5, 14) (4, 9) (2, 7)  
Vertex [4]: (5, 10) (3, 9)  
Vertex [5]: (6, 2) (4, 10) (3, 14) (2, 4)  
Vertex [6]: (8, 6) (7, 1) (5, 2)  
Vertex [7]: (8, 7) (6, 1) (1, 11) (0, 8)  
Vertex [8]: (7, 7) (6, 6) (2, 2)  

MST graph 1
Edge: 1-0 weight: 4
Edge: 2-5 weight: 4
Edge: 3-2 weight: 7
Edge: 4-3 weight: 9
Edge: 5-6 weight: 2
Edge: 6-7 weight: 1
Edge: 7-0 weight: 8
Edge: 8-2 weight: 2
Total cost of MST: 37

MST graph 1 adjacency list:
Vertex [0]: (7, 8) (1, 4)  
Vertex [1]: (0, 4)  
Vertex [2]: (8, 2) (3, 7) (5, 4)  
Vertex [3]: (4, 9) (2, 7)  
Vertex [4]: (3, 9)  
Vertex [5]: (6, 2) (2, 4)  
Vertex [6]: (7, 1) (5, 2)  
Vertex [7]: (0, 8) (6, 1)  
Vertex [8]: (2, 2)  


Program complete!