Program processing MST6.dat...

Full graph 1 adjacency list:
Vertex [0]: (4, 8) (4, 8) (1, 7)  
Vertex [1]: (2, 6) (4, 3) (0, 7)  
Vertex [2]: (4, 4) (5, 2) (3, 5) (1, 6)  
Vertex [3]: (5, 2) (2, 5)  
Vertex [4]: (2, 4) (0, 8) (5, 3) (1, 3) (0, 8)  
Vertex [5]: (2, 2) (4, 3) (3, 2)  

MST graph 1
Edge: 1-0 weight: 7
Edge: 2-5 weight: 2
Edge: 3-5 weight: 2
Edge: 4-1 weight: 3
Edge: 5-4 weight: 3
Total cost of MST: 17

MST graph 1 adjacency list:
Vertex [0]: (1, 7)  
Vertex [1]: (4, 3) (0, 7)  
Vertex [2]: (5, 2)  
Vertex [3]: (5, 2)  
Vertex [4]: (5, 3) (1, 3)  
Vertex [5]: (4, 3) (3, 2) (2, 2)  


Program complete!