Program processing MST7.dat...

Full graph 1 adjacency list:
Vertex [0]: (7, 9) (9, 3) (1, 6)  
Vertex [1]: (2, 9) (8, 2) (0, 6)  
Vertex [2]: (4, 5) (3, 4) (6, 7) (8, 9) (1, 9)  
Vertex [3]: (5, 4) (4, 1) (2, 4)  
Vertex [4]: (5, 3) (6, 9) (3, 1) (2, 5)  
Vertex [5]: (7, 18) (6, 10) (4, 3) (3, 4)  
Vertex [6]: (5, 10) (4, 9) (2, 7) (8, 8) (7, 8) (9, 9)  
Vertex [7]: (5, 18) (6, 8) (9, 9) (0, 9)  
Vertex [8]: (2, 9) (6, 8) (9, 2) (1, 2)  
Vertex [9]: (6, 9) (7, 9) (8, 2) (0, 3)  

MST graph 1
Edge: 1-8 weight: 2
Edge: 2-6 weight: 7
Edge: 3-2 weight: 4
Edge: 4-3 weight: 1
Edge: 5-4 weight: 3
Edge: 6-8 weight: 8
Edge: 7-6 weight: 8
Edge: 8-9 weight: 2
Edge: 9-0 weight: 3
Total cost of MST: 38

MST graph 1 adjacency list:
Vertex [0]: (9, 3)  
Vertex [1]: (8, 2)  
Vertex [2]: (3, 4) (6, 7)  
Vertex [3]: (4, 1) (2, 4)  
Vertex [4]: (5, 3) (3, 1)  
Vertex [5]: (4, 3)  
Vertex [6]: (7, 8) (8, 8) (2, 7)  
Vertex [7]: (6, 8)  
Vertex [8]: (9, 2) (6, 8) (1, 2)  
Vertex [9]: (0, 3) (8, 2)  


Program complete!